GNU gdb (Debian 16.3-1) 16.3
Copyright (C) 2024 Free Software Foundation, Inc.
License GPLv3+: GNU GPL version 3 or later <http://gnu.org/licenses/gpl.html>
This is free software: you are free to change and redistribute it.
There is NO WARRANTY, to the extent permitted by law.
Type "show copying" and "show warranty" for details.
This GDB was configured as "x86_64-linux-gnu".
Type "show configuration" for configuration details.
For bug reporting instructions, please see:
<https://www.gnu.org/software/gdb/bugs/>.
Find the GDB manual and other documentation resources online at:
    <http://www.gnu.org/software/gdb/documentation/>.

For help, type "help".
Type "apropos word" to search for commands related to "word".
To enable execution of this file add
	add-auto-load-safe-path /home/salomounp/.pyenv/versions/3.11.7/bin/python3.11-gdb.py
line to your configuration file "/home/salomounp/.config/gdb/gdbinit".
To completely disable this security protection add
	set auto-load safe-path /
line to your configuration file "/home/salomounp/.config/gdb/gdbinit".
For more information about this security protection see the
"Auto-loading safe path" section in the GDB manual.  E.g., run from the shell:
	info "(gdb)Auto-loading safe path"
(No debugging symbols found in /lib/x86_64-linux-gnu/libc.so.6)
(No debugging symbols found in /lib/x86_64-linux-gnu/libm.so.6)
(No debugging symbols found in /lib64/ld-linux-x86-64.so.2)
(No debugging symbols found in /home/salomounp/.pyenv/versions/3.11.7/lib/python3.11/site-packages/tesserocr/../tesserocr.libs/libtesseract-ea2dd323.so.5.5.1)
(No debugging symbols found in /home/salomounp/.pyenv/versions/3.11.7/lib/python3.11/site-packages/tesserocr/../tesserocr.libs/libleptonica-37b8efd2.so.6.0.0)
(No debugging symbols found in /lib/x86_64-linux-gnu/libstdc++.so.6)
(No debugging symbols found in /lib/x86_64-linux-gnu/libgcc_s.so.1)
(No debugging symbols found in /lib/x86_64-linux-gnu/libpthread.so.0)
(No debugging symbols found in .gnu_debugdata for /home/salomounp/.pyenv/versions/3.11.7/lib/python3.11/site-packages/tesserocr/../tesserocr.libs/libjpeg-e87d2658.so.62.2.0)
(No debugging symbols found in .gnu_debugdata for /home/salomounp/.pyenv/versions/3.11.7/lib/python3.11/site-packages/tesserocr/../tesserocr.libs/libpng16-2bf8e833.so.16.34.0)
(No debugging symbols found in /lib/x86_64-linux-gnu/libz.so.1)
(No debugging symbols found in .gnu_debugdata for /home/salomounp/.pyenv/versions/3.11.7/lib/python3.11/site-packages/tesserocr/../tesserocr.libs/libtiff-70e1437f.so.5.3.0)
(No debugging symbols found in .gnu_debugdata for /home/salomounp/.pyenv/versions/3.11.7/lib/python3.11/site-packages/tesserocr/../tesserocr.libs/libwebp-78a6964e.so.7.0.2)
(No debugging symbols found in .gnu_debugdata for /home/salomounp/.pyenv/versions/3.11.7/lib/python3.11/site-packages/tesserocr/../tesserocr.libs/libwebpmux-489e612a.so.3.0.2)
(No debugging symbols found in .gnu_debugdata for /home/salomounp/.pyenv/versions/3.11.7/lib/python3.11/site-packages/tesserocr/../tesserocr.libs/libjbig-2504a0c3.so.2.1)
(No debugging symbols found in /home/salomounp/.pyenv/versions/3.11.7/lib/python3.11/site-packages/cysignals/signals.cpython-311-x86_64-linux-gnu.so)
(No debugging symbols found in /lib/x86_64-linux-gnu/libbz2.so.1.0)
(No debugging symbols found in /lib/x86_64-linux-gnu/liblzma.so.5)
(No debugging symbols found in /home/salomounp/.pyenv/versions/3.11.7/lib/python3.11/site-packages/PIL/../pillow.libs/libtiff-f4bc73ff.so.6.2.0)
(No debugging symbols found in /home/salomounp/.pyenv/versions/3.11.7/lib/python3.11/site-packages/PIL/../pillow.libs/libjpeg-8296d2fa.so.62.4.0)
(No debugging symbols found in /home/salomounp/.pyenv/versions/3.11.7/lib/python3.11/site-packages/PIL/../pillow.libs/libopenjp2-f3576751.so.2.5.4)
(No debugging symbols found in /home/salomounp/.pyenv/versions/3.11.7/lib/python3.11/site-packages/PIL/../pillow.libs/libxcb-bac6ebc8.so.1.1.0)
(No debugging symbols found in /home/salomounp/.pyenv/versions/3.11.7/lib/python3.11/site-packages/PIL/../pillow.libs/libzstd-6ea785c0.so.1.5.7)
(No debugging symbols found in /home/salomounp/.pyenv/versions/3.11.7/lib/python3.11/site-packages/PIL/../pillow.libs/liblzma-3c942967.so.5.8.3)
(No debugging symbols found in .gnu_debugdata for /home/salomounp/.pyenv/versions/3.11.7/lib/python3.11/site-packages/PIL/../pillow.libs/libXau-154567c4.so.6.0.0)
[Thread debugging using libthread_db enabled]
Using host libthread_db library "/lib/x86_64-linux-gnu/libthread_db.so.1".
0x00007feaa66a69ee in ?? () from /lib/x86_64-linux-gnu/libc.so.6

Stack backtrace
---------------
No symbol table info available.
#1  0x00007feaa669b668 in ?? () from /lib/x86_64-linux-gnu/libc.so.6
No symbol table info available.
#2  0x00007feaa669b6ad in ?? () from /lib/x86_64-linux-gnu/libc.so.6
No symbol table info available.
#3  0x00007feaa67067c7 in wait4 () from /lib/x86_64-linux-gnu/libc.so.6
No symbol table info available.
#4  0x00007feaa6dfd73d in sigdie ()
   from /home/salomounp/.pyenv/versions/3.11.7/lib/python3.11/site-packages/cysignals/signals.cpython-311-x86_64-linux-gnu.so
No symbol table info available.
#5  0x00007feaa6dffc2d in cysigs_signal_handler ()
   from /home/salomounp/.pyenv/versions/3.11.7/lib/python3.11/site-packages/cysignals/signals.cpython-311-x86_64-linux-gnu.so
No symbol table info available.
#6  <signal handler called>
No symbol table info available.
#7  0x00007feaa66a095c in ?? () from /lib/x86_64-linux-gnu/libc.so.6
No symbol table info available.
#8  0x00007feaa664bcc2 in raise () from /lib/x86_64-linux-gnu/libc.so.6
No symbol table info available.
#9  0x00007feaa66344ac in abort () from /lib/x86_64-linux-gnu/libc.so.6
No symbol table info available.
#10 0x00007feaa52a1a3d in ?? () from /lib/x86_64-linux-gnu/libstdc++.so.6
No symbol table info available.
#11 0x00007feaa52b344a in ?? () from /lib/x86_64-linux-gnu/libstdc++.so.6
No symbol table info available.
#12 0x00007feaa52a15e9 in std::terminate() ()
   from /lib/x86_64-linux-gnu/libstdc++.so.6
No symbol table info available.
#13 0x00007feaa52b36c8 in __cxa_throw ()
   from /lib/x86_64-linux-gnu/libstdc++.so.6
No symbol table info available.
#14 0x00007feaa5a84247 in std::filesystem::__cxx11::recursive_directory_iterator::recursive_directory_iterator(std::filesystem::__cxx11::path const&, std::filesystem::directory_options, std::error_code*) [clone .cold] ()
   from /home/salomounp/.pyenv/versions/3.11.7/lib/python3.11/site-packages/tesserocr/../tesserocr.libs/libtesseract-ea2dd323.so.5.5.1
No symbol table info available.
#15 0x00007feaa5d23f99 in tesseract::addAvailableLanguages(std::__cxx11::basic_string<char, std::char_traits<char>, std::allocator<char> > const&, std::vector<std::__cxx11::basic_string<char, std::char_traits<char>, std::allocator<char> >, std::allocator<std::__cxx11::basic_string<char, std::char_traits<char>, std::allocator<char> > > >*) ()
   from /home/salomounp/.pyenv/versions/3.11.7/lib/python3.11/site-packages/tesserocr/../tesserocr.libs/libtesseract-ea2dd323.so.5.5.1
No symbol table info available.
#16 0x00007feaa5d24b30 in tesseract::TessBaseAPI::GetAvailableLanguagesAsVector(std::vector<std::__cxx11::basic_string<char, std::char_traits<char>, std::allocator<char> >, std::allocator<std::__cxx11::basic_string<char, std::char_traits<char>, std::allocator<char> > > >*) const ()
   from /home/salomounp/.pyenv/versions/3.11.7/lib/python3.11/site-packages/tesserocr/../tesserocr.libs/libtesseract-ea2dd323.so.5.5.1
No symbol table info available.
#17 0x00007feaa60c83a7 in __pyx_pf_9tesserocr_9tesserocr_12get_languages (
    __pyx_v_path=0x7feaa65e7fa0, __pyx_v_path@entry=0x7feaa611af60, 
    __pyx_self=<optimized out>) at tesserocr/tesserocr.cpp:38350
        __pyx_v_py_path = 0x7feaa61202b0
        __pyx_v_baseapi = <incomplete type>
        __pyx_v_v = std::vector of length 0, capacity 0
        __pyx_v_langs = 0x0
        __pyx_9genexpr13__pyx_v_i = <optimized out>
        __pyx_r = 0x0
        __pyx_t_1 = 0x0
        __pyx_t_2 = 0x7feaa61202d0 "/usr/share/tessdata/"
        __pyx_t_3 = <optimized out>
        __pyx_t_4 = <optimized out>
        __pyx_t_5 = <optimized out>
        __pyx_t_6 = 0x0
        __pyx_lineno = 0
        __pyx_filename = 0x0
        __pyx_clineno = 0
#18 0x00007feaa60c8880 in __pyx_pw_9tesserocr_9tesserocr_13get_languages (
    __pyx_self=<optimized out>, __pyx_args=<optimized out>, 
    __pyx_nargs=<optimized out>, __pyx_kwds=<optimized out>)
    at tesserocr/tesserocr.cpp:38275
        __pyx_L3_error = <optimized out>
        __pyx_v_path = <optimized out>
        __pyx_kwvalues = <optimized out>
        values = {0x0}
        __pyx_lineno = 0
        __pyx_filename = 0x0
        __pyx_clineno = 0
        __pyx_r = 0x0
#19 0x00007feaa69514e3 in _PyObject_VectorcallTstate (
    tstate=0x7feaa6d89ef8 <_PyRuntime+166328>, callable=0x7feaa553ef80, 
    args=<optimized out>, nargsf=<optimized out>, kwnames=<optimized out>)
    at ./Include/internal/pycore_call.h:92
        func = <optimized out>
        res = <optimized out>
        func = <optimized out>
        res = <optimized out>
        nargs = <optimized out>
#20 PyObject_Vectorcall (callable=0x7feaa553ef80, args=<optimized out>, 
    nargsf=<optimized out>, kwnames=<optimized out>) at Objects/call.c:299
        tstate = 0x7feaa6d89ef8 <_PyRuntime+166328>
#21 0x00007feaa6a56395 in _PyEval_EvalFrameDefault (
    tstate=0x7feaa6d89ef8 <_PyRuntime+166328>, frame=0x7feaa6f71020, 
    throwflag=6) at Python/ceval.c:4769
        is_meth = <optimized out>
        total_args = <optimized out>
        function = 0x7feaa553ef80
        positional_args = <optimized out>
        res = 0x0
        __func__ = "_PyEval_EvalFrameDefault"
        opcode_targets = {0x7feaa68fa82b <compiler_visit_expr1[cold]>, 
          0x7feaa6a560de <_PyEval_EvalFrameDefault+10878>, 
          0x7feaa6a585aa <_PyEval_EvalFrameDefault+20298>, 
          0x7feaa6a589d3 <_PyEval_EvalFrameDefault+21363>, 
          0x7feaa6a59460 <_PyEval_EvalFrameDefault+24064>, 
          0x7feaa6a5a46b <_PyEval_EvalFrameDefault+28171>, 
          0x7feaa6a56bcc <_PyEval_EvalFrameDefault+13676>, 
          0x7feaa6a56c54 <_PyEval_EvalFrameDefault+13812>, 
          0x7feaa6a5a783 <_PyEval_EvalFrameDefault+28963>, 
          0x7feaa6a584d1 <_PyEval_EvalFrameDefault+20081>, 
          0x7feaa6a5a6d7 <_PyEval_EvalFrameDefault+28791>, 
          0x7feaa6a5a72d <_PyEval_EvalFrameDefault+28877>, 
          0x7feaa6a595f1 <_PyEval_EvalFrameDefault+24465>, 
          0x7feaa6a596de <_PyEval_EvalFrameDefault+24702>, 
          0x7feaa6a56b36 <_PyEval_EvalFrameDefault+13526>, 
          0x7feaa6a59652 <_PyEval_EvalFrameDefault+24562>, 
          0x7feaa6a56aa5 <_PyEval_EvalFrameDefault+13381>, 
          0x7feaa6a5a419 <_PyEval_EvalFrameDefault+28089>, 
          0x7feaa6a56edd <_PyEval_EvalFrameDefault+14461>, 
          0x7feaa6a56f85 <_PyEval_EvalFrameDefault+14629>, 
          0x7feaa6a57ca0 <_PyEval_EvalFrameDefault+17984>, 
          0x7feaa6a5a5c8 <_PyEval_EvalFrameDefault+28520>, 
          0x7feaa6a59c2e <_PyEval_EvalFrameDefault+26062>, 
          0x7feaa6a59350 <_PyEval_EvalFrameDefault+23792>, 
          0x7feaa6a59de8 <_PyEval_EvalFrameDefault+26504>, 
          0x7feaa6a5a3a6 <_PyEval_EvalFrameDefault+27974>, 
          0x7feaa6a54b86 <_PyEval_EvalFrameDefault+5414>, 
          0x7feaa6a54bd3 <_PyEval_EvalFrameDefault+5491>, 
          0x7feaa6a54cab <_PyEval_EvalFrameDefault+5707>, 
          0x7feaa6a54edb <_PyEval_EvalFrameDefault+6267>, 
          0x7feaa6a594f6 <_PyEval_EvalFrameDefault+24214>, 
          0x7feaa6a585de <_PyEval_EvalFrameDefault+20350>, 
          0x7feaa6a5862f <_PyEval_EvalFrameDefault+20431>, 
          0x7feaa6a59afd <_PyEval_EvalFrameDefault+25757>, 
          0x7feaa6a58a65 <_PyEval_EvalFrameDefault+21509>, 
          0x7feaa6a581da <_PyEval_EvalFrameDefault+19322>, 
          0x7feaa6a5582a <_PyEval_EvalFrameDefault+8650>, 
          0x7feaa6a54f99 <_PyEval_EvalFrameDefault+6457>, 
          0x7feaa6a59baa <_PyEval_EvalFrameDefault+25930>, 
          0x7feaa6a5535f <_PyEval_EvalFrameDefault+7423>, 
          0x7feaa6a553bd <_PyEval_EvalFrameDefault+7517>, 
          0x7feaa6a55c7c <_PyEval_EvalFrameDefault+9756>, 
          0x7feaa6a558b1 <_PyEval_EvalFrameDefault+8785>, 
          0x7feaa6a55d0d <_PyEval_EvalFrameDefault+9901>, 
          0x7feaa6a5a668 <_PyEval_EvalFrameDefault+28680>, 
          0x7feaa6a599a8 <_PyEval_EvalFrameDefault+25416>, 
          0x7feaa6a5a55e <_PyEval_EvalFrameDefault+28414>, 
          0x7feaa6a540b7 <_PyEval_EvalFrameDefault+2647>, 
          0x7feaa6a54817 <_PyEval_EvalFrameDefault+4535>, 
          0x7feaa6a58130 <_PyEval_EvalFrameDefault+19152>, 
          0x7feaa6a567c3 <_PyEval_EvalFrameDefault+12643>, 
          0x7feaa6a56850 <_PyEval_EvalFrameDefault+12784>, 
          0x7feaa6a569a8 <_PyEval_EvalFrameDefault+13128>, 
          0x7feaa6a5834c <_PyEval_EvalFrameDefault+19692>, 
          0x7feaa6a57791 <_PyEval_EvalFrameDefault+16689>, 
          0x7feaa6a5411d <_PyEval_EvalFrameDefault+2749>, 
          0x7feaa6a582bd <_PyEval_EvalFrameDefault+19549>, 
          0x7feaa6a57f41 <_PyEval_EvalFrameDefault+18657>, 
          0x7feaa6a57ea5 <_PyEval_EvalFrameDefault+18501>, 
          0x7feaa6a57e44 <_PyEval_EvalFrameDefault+18404>, 
          0x7feaa6a57bb0 <_PyEval_EvalFrameDefault+17744>, 
          0x7feaa6a5661f <_PyEval_EvalFrameDefault+12223>, 
          0x7feaa6a57dc0 <_PyEval_EvalFrameDefault+18272>, 
          0x7feaa6a57d40 <_PyEval_EvalFrameDefault+18144>, 
          0x7feaa6a59bb8 <_PyEval_EvalFrameDefault+25944>, 
          0x7feaa6a58007 <_PyEval_EvalFrameDefault+18855>, 
          0x7feaa6a572a0 <_PyEval_EvalFrameDefault+15424>, 
          0x7feaa6a5976f <_PyEval_EvalFrameDefault+24847>, 
          0x7feaa6a59b48 <_PyEval_EvalFrameDefault+25832>, 
          0x7feaa6a568e2 <_PyEval_EvalFrameDefault+12930>, 
          0x7feaa6a5668f <_PyEval_EvalFrameDefault+12335>, 
          0x7feaa6a5615a <_PyEval_EvalFrameDefault+11002>, 
          0x7feaa6a591b8 <_PyEval_EvalFrameDefault+23384>, 
          0x7feaa6a59f28 <_PyEval_EvalFrameDefault+26824>, 
          0x7feaa6a5611d <_PyEval_EvalFrameDefault+10941>, 
          0x7feaa6a58dd9 <_PyEval_EvalFrameDefault+22393>, 
          0x7feaa6a573e0 <_PyEval_EvalFrameDefault+15744>, 
          0x7feaa6a5a060 <_PyEval_EvalFrameDefault+27136>, 
          0x7feaa6a598c0 <_PyEval_EvalFrameDefault+25184>, 
          0x7feaa6a5a1a0 <_PyEval_EvalFrameDefault+27456>, 
          0x7feaa6a59048 <_PyEval_EvalFrameDefault+23016>, 
          0x7feaa6a58f2a <_PyEval_EvalFrameDefault+22730>, 
          0x7feaa6a5457c <_PyEval_EvalFrameDefault+3868>, 
          0x7feaa6a56765 <_PyEval_EvalFrameDefault+12549>, 
          0x7feaa6a55171 <_PyEval_EvalFrameDefault+6929>, 
          0x7feaa6a55918 <_PyEval_EvalFrameDefault+8888>, 
          0x7feaa6a5766e <_PyEval_EvalFrameDefault+16398>, 
          0x7feaa6a5761b <_PyEval_EvalFrameDefault+16315>, 
          0x7feaa6a57708 <_PyEval_EvalFrameDefault+16552>, 
          0x7feaa6a576ba <_PyEval_EvalFrameDefault+16474>, 
          0x7feaa6a561bd <_PyEval_EvalFrameDefault+11101>, 
          0x7feaa6a5623e <_PyEval_EvalFrameDefault+11230>, 
          0x7feaa6a58680 <_PyEval_EvalFrameDefault+20512>, 
          0x7feaa6a56952 <_PyEval_EvalFrameDefault+13042>, 
          0x7feaa6a5717d <_PyEval_EvalFrameDefault+15133>, 
          0x7feaa6a53e2f <_PyEval_EvalFrameDefault+1999>, 
          0x7feaa6a53eae <_PyEval_EvalFrameDefault+2126>, 
          0x7feaa6a53f13 <_PyEval_EvalFrameDefault+2227>, 
          0x7feaa6a53f7b <_PyEval_EvalFrameDefault+2331>, 
          0x7feaa6a58a25 <_PyEval_EvalFrameDefault+21445>, 
          0x7feaa6a58491 <_PyEval_EvalFrameDefault+20017>, 
          0x7feaa6a53fc8 <_PyEval_EvalFrameDefault+2408>, 
          0x7feaa6a5434d <_PyEval_EvalFrameDefault+3309>, 
          0x7feaa6a54463 <_PyEval_EvalFrameDefault+3587>, 
          0x7feaa6a5494e <_PyEval_EvalFrameDefault+4846>, 
          0x7feaa6a55a8d <_PyEval_EvalFrameDefault+9261>, 
          0x7feaa6a55bb0 <_PyEval_EvalFrameDefault+9552>, 
          0x7feaa6a54b10 <_PyEval_EvalFrameDefault+5296>, 
          0x7feaa6a55050 <_PyEval_EvalFrameDefault+6640>, 
          0x7feaa6a55431 <_PyEval_EvalFrameDefault+7633>, 
          0x7feaa6a55568 <_PyEval_EvalFrameDefault+7944>, 
          0x7feaa6a57980 <_PyEval_EvalFrameDefault+17184>, 
          0x7feaa6a56e50 <_PyEval_EvalFrameDefault+14320>, 
          0x7feaa6a56cf0 <_PyEval_EvalFrameDefault+13968>, 
          0x7feaa6a55fdf <_PyEval_EvalFrameDefault+10623>, 
          0x7feaa6a579f3 <_PyEval_EvalFrameDefault+17299>, 
          0x7feaa6a54036 <_PyEval_EvalFrameDefault+2518>, 
          0x7feaa6a54db0 <_PyEval_EvalFrameDefault+5968>, 
          0x7feaa6a54e23 <_PyEval_EvalFrameDefault+6083>, 
          0x7feaa6a57805 <_PyEval_EvalFrameDefault+16805>, 
          0x7feaa6a58919 <_PyEval_EvalFrameDefault+21177>, 
          0x7feaa6a59d3b <_PyEval_EvalFrameDefault+26331>, 
          0x7feaa6a58957 <_PyEval_EvalFrameDefault+21239>, 
          0x7feaa6a57551 <_PyEval_EvalFrameDefault+16113>, 
          0x7feaa6a58449 <_PyEval_EvalFrameDefault+19945>, 
          0x7feaa6a5a509 <_PyEval_EvalFrameDefault+28329>, 
          0x7feaa6a548d0 <_PyEval_EvalFrameDefault+4720>, 
          0x7feaa6a571f4 <_PyEval_EvalFrameDefault+15252>, 
          0x7feaa6a5789e <_PyEval_EvalFrameDefault+16958>, 
          0x7feaa6a57938 <_PyEval_EvalFrameDefault+17112>, 
          0x7feaa6a56717 <_PyEval_EvalFrameDefault+12471>, 
          0x7feaa6a574e0 <_PyEval_EvalFrameDefault+16000>, 
          0x7feaa6a58d19 <_PyEval_EvalFrameDefault+22201>, 
          0x7feaa6a58e5d <_PyEval_EvalFrameDefault+22525>, 
          0x7feaa6a56eb1 <_PyEval_EvalFrameDefault+14417>, 
          0x7feaa6a5464a <_PyEval_EvalFrameDefault+4074>, 
          0x7feaa6a58562 <_PyEval_EvalFrameDefault+20226>, 
          0x7feaa6a5476b <_PyEval_EvalFrameDefault+4363>, 
          0x7feaa6a541f4 <_PyEval_EvalFrameDefault+2964>, 
          0x7feaa6a546a7 <_PyEval_EvalFrameDefault+4167>, 
          0x7feaa6a55590 <_PyEval_EvalFrameDefault+7984>, 
          0x7feaa6a59cb7 <_PyEval_EvalFrameDefault+26199>, 
          0x7feaa6a58b4f <_PyEval_EvalFrameDefault+21743>, 
          0x7feaa6a5808b <_PyEval_EvalFrameDefault+18987>, 
          0x7feaa6a58b0f <_PyEval_EvalFrameDefault+21679>, 
          0x7feaa6a57ae1 <_PyEval_EvalFrameDefault+17537>, 
          0x7feaa6a57b3b <_PyEval_EvalFrameDefault+17627>, 
          0x7feaa6a55b61 <_PyEval_EvalFrameDefault+9473>, 
          0x7feaa6a546fb <_PyEval_EvalFrameDefault+4251>, 
          0x7feaa6a54248 <_PyEval_EvalFrameDefault+3048>, 
          0x7feaa6a58557 <_PyEval_EvalFrameDefault+20215>, 
          0x7feaa6a584f9 <_PyEval_EvalFrameDefault+20121>, 
          0x7feaa6a5954b <_PyEval_EvalFrameDefault+24299>, 
          0x7feaa6a55f6c <_PyEval_EvalFrameDefault+10508>, 
          0x7feaa6a55dd7 <_PyEval_EvalFrameDefault+10103>, 
          0x7feaa6a5881a <_PyEval_EvalFrameDefault+20922>, 
          0x7feaa6a55990 <_PyEval_EvalFrameDefault+9008>, 
          0x7feaa6a542a8 <_PyEval_EvalFrameDefault+3144>, 
          0x7feaa6a54a91 <_PyEval_EvalFrameDefault+5169>, 
          0x7feaa6a55e69 <_PyEval_EvalFrameDefault+10249>, 
          0x7feaa6a5822a <_PyEval_EvalFrameDefault+19402>, 
          0x7feaa6a59a0a <_PyEval_EvalFrameDefault+25514>, 
          0x7feaa6a545dd <_PyEval_EvalFrameDefault+3965>, 
          0x7feaa6a547b7 <_PyEval_EvalFrameDefault+4439>, 
          0x7feaa6a55c11 <_PyEval_EvalFrameDefault+9649>, 
          0x7feaa6a557ce <_PyEval_EvalFrameDefault+8558>, 
          0x7feaa6a57fb3 <_PyEval_EvalFrameDefault+18771>, 
          0x7feaa6a59a7b <_PyEval_EvalFrameDefault+25627>, 
          0x7feaa6a57c48 <_PyEval_EvalFrameDefault+17896>, 
          0x7feaa6a565a8 <_PyEval_EvalFrameDefault+12104>, 
          0x7feaa6a564f0 <_PyEval_EvalFrameDefault+11920>, 
          0x7feaa6a562cd <_PyEval_EvalFrameDefault+11373>, 
          0x7feaa6a56294 <_PyEval_EvalFrameDefault+11316>, 
          0x7feaa6a57a70 <_PyEval_EvalFrameDefault+17424>, 
          0x7feaa6a578ed <_PyEval_EvalFrameDefault+17037>, 
          0x7feaa6a55750 <_PyEval_EvalFrameDefault+8432>, 
          0x7feaa6a5605a <_PyEval_EvalFrameDefault+10746>, 
          0x7feaa6a5a34e <_PyEval_EvalFrameDefault+27886>, 
          0x7feaa6a570f3 <_PyEval_EvalFrameDefault+14995>, 
          0x7feaa6a5a2c3 <_PyEval_EvalFrameDefault+27747>, 
          0x7feaa6a5a250 <_PyEval_EvalFrameDefault+27632>, 
          0x7feaa6a570a0 <_PyEval_EvalFrameDefault+14912> <repeats 74 times>, 
          0x7feaa6a58a8c <_PyEval_EvalFrameDefault+21548>}
        opcode = <optimized out>
        oparg = <optimized out>
        eval_breaker = <optimized out>
        cframe = {use_tracing = 0 '\000', current_frame = 0x7feaa6f71020, 
          previous = 0x7feaa6d8a048 <_PyRuntime+166664>}
        call_shape = <optimized out>
        prev_cframe = 0x0
        names = <optimized out>
        consts = <optimized out>
        first_instr = <optimized out>
        next_instr = <optimized out>
        stack_pointer = <optimized out>
        exception_unwind = <optimized out>
        dying = <optimized out>
#22 0x00007feaa6a5cf70 in _PyEval_EvalFrame (
    tstate=0x7feaa6d89ef8 <_PyRuntime+166328>, frame=0x7feaa6f71020, 
    throwflag=0) at ./Include/internal/pycore_ceval.h:73
No locals.
#23 _PyEval_Vector (args=0x0, argcount=0, kwnames=0x0, 
    tstate=0x7feaa6d89ef8 <_PyRuntime+166328>, func=0x7feaa65de020, 
    locals=0x7feaa65fed00) at Python/ceval.c:6434
        frame = 0x7feaa6f71020
        retval = <optimized out>
        frame = <optimized out>
        retval = <optimized out>
        i = <optimized out>
        kwcount = <optimized out>
        i = <optimized out>
#24 PyEval_EvalCode (co=co@entry=0x7feaa6161530, 
    globals=globals@entry=0x7feaa65fed00, locals=locals@entry=0x7feaa65fed00)
    at Python/ceval.c:1148
        tstate = 0x7feaa6d89ef8 <_PyRuntime+166328>
        builtins = <optimized out>
        desc = {fc_globals = 0x7feaa65fed00, fc_builtins = 0x7feaa659ce40, 
          fc_name = 0x7feaa6d669d0 <_PyRuntime+21648>, 
          fc_qualname = 0x7feaa6d669d0 <_PyRuntime+21648>, 
          fc_code = 0x7feaa6161530, fc_defaults = 0x0, fc_kwdefaults = 0x0, 
          fc_closure = 0x0}
        func = 0x7feaa65de020
        res = <optimized out>
#25 0x00007feaa6aa5c8d in run_eval_code_obj (
    tstate=0x7feaa6d89ef8 <_PyRuntime+166328>, co=0x7feaa6161530, 
    globals=0x7feaa65fed00, locals=0x7feaa65fed00) at Python/pythonrun.c:1710
        v = <optimized out>
        v = <optimized out>
#26 run_mod (mod=mod@entry=0x55644329e678, 
    filename=filename@entry=0x7feaa6d66a50 <_PyRuntime+21776>, 
    globals=globals@entry=0x7feaa65fed00, locals=locals@entry=0x7feaa65fed00, 
    flags=flags@entry=0x7ffc3d132030, arena=arena@entry=0x7feaa65277d0)
    at Python/pythonrun.c:1731
        tstate = 0x7feaa6d89ef8 <_PyRuntime+166328>
        co = 0x7feaa6161530
        v = <optimized out>
#27 0x00007feaa6aa7cbb in PyRun_StringFlags (
    str=str@entry=0x7feaa653ac10 "import tesserocr; print(tesserocr.get_languages('/usr/share/tessdata/'))\n", start=start@entry=257, globals=0x7feaa65fed00, 
    locals=0x7feaa65fed00, flags=flags@entry=0x7ffc3d132030)
    at Python/pythonrun.c:1601
        ret = 0x0
        mod = 0x55644329e678
        arena = 0x7feaa65277d0
#28 0x00007feaa6aa7d2b in PyRun_SimpleStringFlags (
    command=0x7feaa653ac10 "import tesserocr; print(tesserocr.get_languages('/usr/share/tessdata/'))\n", flags=flags@entry=0x7ffc3d132030)
    at Python/pythonrun.c:487
        m = <optimized out>
        d = <optimized out>
        v = <optimized out>
#29 0x00007feaa6ac7c23 in pymain_run_command (command=<optimized out>)
    at Modules/main.c:255
        unicode = 0x7feaa65a2530
        bytes = 0x7feaa653abf0
        ret = <optimized out>
        cf = {cf_flags = 2048, cf_feature_version = 11}
        unicode = <optimized out>
        bytes = <optimized out>
        ret = <optimized out>
        error = <optimized out>
        cf = <optimized out>
#30 pymain_run_python (exitcode=0x7ffc3d132004) at Modules/main.c:592
        main_importer_path = <optimized out>
        interp = <optimized out>
        config = 0x7feaa6d6ff40 <_PyRuntime+59904>
        error = <optimized out>
        main_importer_path = <optimized out>
        interp = <optimized out>
        config = <optimized out>
        error = <optimized out>
        done = <optimized out>
        path0 = <optimized out>
        res = <optimized out>
#31 Py_RunMain () at Modules/main.c:680
        exitcode = 0
#32 0x00007feaa6ac86a3 in pymain_main (args=0x7ffc3d132110)
    at Modules/main.c:710
        status = {_type = _PyStatus_TYPE_OK, func = <optimized out>, 
          err_msg = <optimized out>, exitcode = 0}
        status = <optimized out>
#33 Py_BytesMain (argc=<optimized out>, argv=<optimized out>)
    at Modules/main.c:734
        args = {argc = 3, use_bytes_argv = 1, bytes_argv = 0x7ffc3d132288, 
          wchar_argv = 0x0}
#34 0x00007feaa6635ca8 in ?? () from /lib/x86_64-linux-gnu/libc.so.6
No symbol table info available.
#35 0x00007feaa6635d65 in __libc_start_main ()
   from /lib/x86_64-linux-gnu/libc.so.6
No symbol table info available.
#36 0x000055642e72a081 in _start ()
No symbol table info available.
[Inferior 1 (process 456164) detached]
warning: File "/home/salomounp/.pyenv/versions/3.11.7/bin/python3.11-gdb.py" auto-loading has been declined by your `auto-load safe-path' set to "$debugdir:$datadir/auto-load".
Python Exception <class 'ModuleNotFoundError'>: No module named 'Cython'
Error occurred in Python: No module named 'Cython'
